[2024-01-18 01:40:28.365][DBG][Px16528][Tx30489][Logger] ----------------------------- 
[2024-01-18 01:40:28.365][DBG][Px16528][Tx30489][Logger] MAA Process Start 
[2024-01-18 01:40:28.365][DBG][Px16528][Tx30489][Logger] Version 57dafb054e78aa25591bbb714c29884cb620b4fd 
[2024-01-18 01:40:28.365][DBG][Px16528][Tx30489][Logger] Built at Jan 18 2024 01:31:34 
[2024-01-18 01:40:28.365][DBG][Px16528][Tx30489][Logger] Log Path ./debug/maa.log 
[2024-01-18 01:40:28.365][DBG][Px16528][Tx30489][Logger] ----------------------------- 
[2024-01-18 01:40:28.365][TRC][Px16528][Tx30489][GlobalOptionMgr.cpp][L31][MaaNS::GlobalOptionMgr::set_log_dir] | leave, 1ms 
[2024-01-18 01:40:28.365][TRC][Px16528][Tx30489][GlobalOptionMgr.cpp][L10][MaaNS::GlobalOptionMgr::set_option] | leave, 1ms 
[2024-01-18 01:40:28.375][TRC][Px16528][Tx30489][MaaUtility.cpp][L15][MaaSetGlobalOption] | leave, 10ms 
[2024-01-18 01:40:28.375][DBG][Px16528][Tx30489][MaaUtility.cpp][L15][MaaSetGlobalOption] [key=2] [value=00007FFB4A1A2011] [val_size=1] | enter 
[2024-01-18 01:40:28.375][DBG][Px16528][Tx30489][GlobalOptionMgr.cpp][L10][MaaNS::GlobalOptionMgr::set_option] [key=2] [value=00007FFB4A1A2011] [val_size=1] | enter 
[2024-01-18 01:40:28.375][DBG][Px16528][Tx30489][GlobalOptionMgr.cpp][L45][MaaNS::GlobalOptionMgr::set_save_draw] | enter 
[2024-01-18 01:40:28.375][INF][Px16528][Tx30489][GlobalOptionMgr.cpp][L54][MaaNS::GlobalOptionMgr::set_save_draw] Set save draw [save_draw_=false] 
[2024-01-18 01:40:28.375][TRC][Px16528][Tx30489][GlobalOptionMgr.cpp][L45][MaaNS::GlobalOptionMgr::set_save_draw] | leave, 0ms 
[2024-01-18 01:40:28.375][TRC][Px16528][Tx30489][GlobalOptionMgr.cpp][L10][MaaNS::GlobalOptionMgr::set_option] | leave, 0ms 
[2024-01-18 01:40:28.375][TRC][Px16528][Tx30489][MaaUtility.cpp][L15][MaaSetGlobalOption] | leave, 0ms 
[2024-01-18 01:40:28.375][DBG][Px16528][Tx30489][MaaUtility.cpp][L15][MaaSetGlobalOption] [key=3] [value=00007FFB4A1A2012] [val_size=1] | enter 
[2024-01-18 01:40:28.376][DBG][Px16528][Tx30489][GlobalOptionMgr.cpp][L10][MaaNS::GlobalOptionMgr::set_option] [key=3] [value=00007FFB4A1A2012] [val_size=1] | enter 
[2024-01-18 01:40:28.376][DBG][Px16528][Tx30489][GlobalOptionMgr.cpp][L77][MaaNS::GlobalOptionMgr::set_recording] | enter 
[2024-01-18 01:40:28.376][INF][Px16528][Tx30489][GlobalOptionMgr.cpp][L86][MaaNS::GlobalOptionMgr::set_recording] Set recording [recording_=false] 
[2024-01-18 01:40:28.376][TRC][Px16528][Tx30489][GlobalOptionMgr.cpp][L77][MaaNS::GlobalOptionMgr::set_recording] | leave, 0ms 
[2024-01-18 01:40:28.376][TRC][Px16528][Tx30489][GlobalOptionMgr.cpp][L10][MaaNS::GlobalOptionMgr::set_option] | leave, 0ms 
[2024-01-18 01:40:28.376][TRC][Px16528][Tx30489][MaaUtility.cpp][L15][MaaSetGlobalOption] | leave, 0ms 
[2024-01-18 01:40:28.376][DBG][Px16528][Tx30489][MaaUtility.cpp][L15][MaaSetGlobalOption] [key=4] [value=00007FFB4A1A2014] [val_size=4] | enter 
[2024-01-18 01:40:28.376][DBG][Px16528][Tx30489][GlobalOptionMgr.cpp][L10][MaaNS::GlobalOptionMgr::set_option] [key=4] [value=00007FFB4A1A2014] [val_size=4] | enter 
[2024-01-18 01:40:28.376][DBG][Px16528][Tx30489][GlobalOptionMgr.cpp][L93][MaaNS::GlobalOptionMgr::set_stdout_level] | enter 
[2024-01-18 01:40:28.376][INF][Px16528][Tx30489][GlobalOptionMgr.cpp][L102][MaaNS::GlobalOptionMgr::set_stdout_level] Set log stdout level [level=2] 
[2024-01-18 01:40:28.376][TRC][Px16528][Tx30489][GlobalOptionMgr.cpp][L93][MaaNS::GlobalOptionMgr::set_stdout_level] | leave, 0ms 
[2024-01-18 01:40:28.376][TRC][Px16528][Tx30489][GlobalOptionMgr.cpp][L10][MaaNS::GlobalOptionMgr::set_option] | leave, 0ms 
[2024-01-18 01:40:28.376][TRC][Px16528][Tx30489][MaaUtility.cpp][L15][MaaSetGlobalOption] | leave, 0ms 
[2024-01-18 01:40:28.376][TRC][Px16528][Tx30489][ConfigMgr.cpp][L65][MaaNS::ToolkitNS::ConfigMgr::parse_and_apply_policy] | leave, 12ms 
[2024-01-18 01:40:28.376][TRC][Px16528][Tx30489][ConfigMgr.cpp][L40][MaaNS::ToolkitNS::ConfigMgr::load] | leave, 21ms 
[2024-01-18 01:40:28.376][TRC][Px16528][Tx30489][ConfigMgr.cpp][L16][MaaNS::ToolkitNS::ConfigMgr::init] | leave, 22ms 
[2024-01-18 01:40:28.376][TRC][Px16528][Tx30489][MaaToolkitConfig.cpp][L10][MaaToolkitInit] | leave, 22ms 
[2024-01-18 01:40:40.259][DBG][Px16528][Tx14743][MaaController.cpp][L282][MaaControllerConnected] [ctrl=00000221BADF55F0] | enter 
[2024-01-18 01:40:40.260][TRC][Px16528][Tx14743][MaaController.cpp][L282][MaaControllerConnected] | leave, 0ms 
[2024-01-18 01:40:55.449][DBG][Px16528][Tx39868][Logger] ----------------------------- 
[2024-01-18 01:40:55.455][DBG][Px16528][Tx39868][Logger] Close log 
[2024-01-18 01:40:55.455][DBG][Px16528][Tx39868][Logger] ----------------------------- 
